# JRE version: Java(TM) SE Runtime Environment (17.0.10+11) (build 17.0.10+11-LTS-240)
# Java VM: Java HotSpot(TM) 64-Bit Server VM (17.0.10+11-LTS-240, mixed mode, sharing, tiered, compressed oops, compressed class ptrs, g1 gc, windows-amd64)
GC Precious Log:
 CPUs: 8 total, 8 available
 Memory: 16242M
 Large Page Support: Disabled
 NUMA Support: Disabled
 Compressed Oops: Enabled (32-bit)
 Heap Region Size: 1M
 Heap Min Capacity: 8M
 Heap Initial Capacity: 254M
 Heap Max Capacity: 2G
 Pre-touch: Disabled
 Parallel Workers: 8
 Concurrent Workers: 2
 Concurrent Refinement Workers: 8
 Periodic GC: Disabled
Heap:
 garbage-first heap   total 313344K, used 108184K [0x0000000080000000, 0x0000000100000000)
  region size 1024K, 13 young (13312K), 4 survivors (4096K)
 Metaspace       used 74883K, committed 75712K, reserved 491520K
  class space    used 10536K, committed 10944K, reserved 425984K
GC Heap History (20 events):
Event: 17.209 GC heap before
{Heap before GC invocations=28 (full 0):
 garbage-first heap   total 156672K, used 114859K [0x0000000080000000, 0x0000000100000000)
  region size 1024K, 45 young (46080K), 1 survivors (1024K)
 Metaspace       used 64211K, committed 64896K, reserved 491520K
  class space    used 9090K, committed 9408K, reserved 425984K
}
Event: 17.215 GC heap after
{Heap after GC invocations=29 (full 0):
 garbage-first heap   total 156672K, used 73558K [0x0000000080000000, 0x0000000100000000)
  region size 1024K, 5 young (5120K), 5 survivors (5120K)
 Metaspace       used 64211K, committed 64896K, reserved 491520K
  class space    used 9090K, committed 9408K, reserved 425984K
}
Event: 19.019 GC heap before
{Heap before GC invocations=29 (full 0):
 garbage-first heap   total 156672K, used 116566K [0x0000000080000000, 0x0000000100000000)
  region size 1024K, 47 young (48128K), 5 survivors (5120K)
 Metaspace       used 67477K, committed 68160K, reserved 491520K
  class space    used 9557K, committed 9856K, reserved 425984K
}
Event: 19.029 GC heap after
{Heap after GC invocations=30 (full 0):
 garbage-first heap   total 156672K, used 76938K [0x0000000080000000, 0x0000000100000000)
  region size 1024K, 4 young (4096K), 4 survivors (4096K)
 Metaspace       used 67477K, committed 68160K, reserved 491520K
  class space    used 9557K, committed 9856K, reserved 425984K
}
Event: 20.702 GC heap before
{Heap before GC invocations=30 (full 0):
 garbage-first heap   total 156672K, used 118922K [0x0000000080000000, 0x0000000100000000)
  region size 1024K, 46 young (47104K), 4 survivors (4096K)
 Metaspace       used 70958K, committed 71744K, reserved 491520K
  class space    used 10127K, committed 10496K, reserved 425984K
}
Event: 20.710 GC heap after
{Heap after GC invocations=31 (full 0):
 garbage-first heap   total 156672K, used 81531K [0x0000000080000000, 0x0000000100000000)
  region size 1024K, 6 young (6144K), 6 survivors (6144K)
 Metaspace       used 70958K, committed 71744K, reserved 491520K
  class space    used 10127K, committed 10496K, reserved 425984K
}
Event: 21.582 GC heap before
{Heap before GC invocations=31 (full 0):
 garbage-first heap   total 156672K, used 121467K [0x0000000080000000, 0x0000000100000000)
  region size 1024K, 46 young (47104K), 6 survivors (6144K)
 Metaspace       used 73080K, committed 73856K, reserved 491520K
  class space    used 10374K, committed 10752K, reserved 425984K
}
Event: 21.590 GC heap after
{Heap after GC invocations=32 (full 0):
 garbage-first heap   total 156672K, used 85003K [0x0000000080000000, 0x0000000100000000)
  region size 1024K, 5 young (5120K), 5 survivors (5120K)
 Metaspace       used 73080K, committed 73856K, reserved 491520K
  class space    used 10374K, committed 10752K, reserved 425984K
}
Event: 22.583 GC heap before
{Heap before GC invocations=32 (full 0):
 garbage-first heap   total 156672K, used 122891K [0x0000000080000000, 0x0000000100000000)
  region size 1024K, 42 young (43008K), 5 survivors (5120K)
 Metaspace       used 74551K, committed 75392K, reserved 491520K
  class space    used 10530K, committed 10944K, reserved 425984K
}
Event: 22.590 GC heap after
{Heap after GC invocations=33 (full 0):
 garbage-first heap   total 156672K, used 89497K [0x0000000080000000, 0x0000000100000000)
  region size 1024K, 5 young (5120K), 5 survivors (5120K)
 Metaspace       used 74551K, committed 75392K, reserved 491520K
  class space    used 10530K, committed 10944K, reserved 425984K
}
Event: 23.274 GC heap before
{Heap before GC invocations=33 (full 0):
 garbage-first heap   total 156672K, used 124313K [0x0000000080000000, 0x0000000100000000)
  region size 1024K, 40 young (40960K), 5 survivors (5120K)
 Metaspace       used 74780K, committed 75648K, reserved 491520K
  class space    used 10532K, committed 10944K, reserved 425984K
}
Event: 23.280 GC heap after
{Heap after GC invocations=34 (full 0):
 garbage-first heap   total 156672K, used 92809K [0x0000000080000000, 0x0000000100000000)
  region size 1024K, 4 young (4096K), 4 survivors (4096K)
 Metaspace       used 74780K, committed 75648K, reserved 491520K
  class space    used 10532K, committed 10944K, reserved 425984K
}
Event: 23.507 GC heap before
{Heap before GC invocations=34 (full 0):
 garbage-first heap   total 156672K, used 125577K [0x0000000080000000, 0x0000000100000000)
  region size 1024K, 37 young (37888K), 4 survivors (4096K)
 Metaspace       used 74837K, committed 75648K, reserved 491520K
  class space    used 10532K, committed 10944K, reserved 425984K
}
Event: 23.511 GC heap after
{Heap after GC invocations=35 (full 0):
 garbage-first heap   total 156672K, used 93737K [0x0000000080000000, 0x0000000100000000)
  region size 1024K, 4 young (4096K), 4 survivors (4096K)
 Metaspace       used 74837K, committed 75648K, reserved 491520K
  class space    used 10532K, committed 10944K, reserved 425984K
}
Event: 23.692 GC heap before
{Heap before GC invocations=35 (full 0):
 garbage-first heap   total 156672K, used 125481K [0x0000000080000000, 0x0000000100000000)
  region size 1024K, 36 young (36864K), 4 survivors (4096K)
 Metaspace       used 74844K, committed 75648K, reserved 491520K
  class space    used 10532K, committed 10944K, reserved 425984K
}
Event: 23.696 GC heap after
{Heap after GC invocations=36 (full 0):
 garbage-first heap   total 156672K, used 94494K [0x0000000080000000, 0x0000000100000000)
  region size 1024K, 4 young (4096K), 4 survivors (4096K)
 Metaspace       used 74844K, committed 75648K, reserved 491520K
  class space    used 10532K, committed 10944K, reserved 425984K
}
Event: 23.870 GC heap before
{Heap before GC invocations=36 (full 0):
 garbage-first heap   total 156672K, used 126238K [0x0000000080000000, 0x0000000100000000)
  region size 1024K, 36 young (36864K), 4 survivors (4096K)
 Metaspace       used 74848K, committed 75648K, reserved 491520K
  class space    used 10532K, committed 10944K, reserved 425984K
}
Event: 23.874 GC heap after
{Heap after GC invocations=37 (full 0):
 garbage-first heap   total 156672K, used 95166K [0x0000000080000000, 0x0000000100000000)
  region size 1024K, 4 young (4096K), 4 survivors (4096K)
 Metaspace       used 74848K, committed 75648K, reserved 491520K
  class space    used 10532K, committed 10944K, reserved 425984K
}
Event: 24.071 GC heap before
{Heap before GC invocations=37 (full 0):
 garbage-first heap   total 156672K, used 127934K [0x0000000080000000, 0x0000000100000000)
  region size 1024K, 36 young (36864K), 4 survivors (4096K)
 Metaspace       used 74859K, committed 75712K, reserved 491520K
  class space    used 10532K, committed 10944K, reserved 425984K
}
Event: 24.078 GC heap after
{Heap after GC invocations=38 (full 0):
 garbage-first heap   total 313344K, used 95896K [0x0000000080000000, 0x0000000100000000)
  region size 1024K, 4 young (4096K), 4 survivors (4096K)
 Metaspace       used 74859K, committed 75712K, reserved 491520K
  class space    used 10532K, committed 10944K, reserved 425984K
}

