# JRE version: Java(TM) SE Runtime Environment (17.0.10+11) (build 17.0.10+11-LTS-240)
# Java VM: Java HotSpot(TM) 64-Bit Server VM (17.0.10+11-LTS-240, mixed mode, sharing, tiered, compressed oops, compressed class ptrs, g1 gc, windows-amd64)
GC Precious Log:
 CPUs: 8 total, 8 available
 Memory: 16242M
 Large Page Support: Disabled
 NUMA Support: Disabled
 Compressed Oops: Enabled (32-bit)
 Heap Region Size: 1M
 Heap Min Capacity: 8M
 Heap Initial Capacity: 254M
 Heap Max Capacity: 2G
 Pre-touch: Disabled
 Parallel Workers: 8
 Concurrent Workers: 2
 Concurrent Refinement Workers: 8
 Periodic GC: Disabled
Heap:
 garbage-first heap   total 343040K, used 261838K [0x0000000080000000, 0x0000000100000000)
  region size 1024K, 21 young (21504K), 7 survivors (7168K)
 Metaspace       used 107012K, committed 108480K, reserved 557056K
  class space    used 15066K, committed 15744K, reserved 425984K
GC Heap History (20 events):
Event: 49.111 GC heap before
{Heap before GC invocations=58 (full 0):
 garbage-first heap   total 285696K, used 240758K [0x0000000080000000, 0x0000000100000000)
  region size 1024K, 45 young (46080K), 7 survivors (7168K)
 Metaspace       used 105454K, committed 106752K, reserved 557056K
  class space    used 14844K, committed 15424K, reserved 425984K
}
Event: 49.122 GC heap after
{Heap after GC invocations=59 (full 0):
 garbage-first heap   total 285696K, used 209454K [0x0000000080000000, 0x0000000100000000)
  region size 1024K, 6 young (6144K), 6 survivors (6144K)
 Metaspace       used 105454K, committed 106752K, reserved 557056K
  class space    used 14844K, committed 15424K, reserved 425984K
}
Event: 49.431 GC heap before
{Heap before GC invocations=59 (full 0):
 garbage-first heap   total 285696K, used 242222K [0x0000000080000000, 0x0000000100000000)
  region size 1024K, 38 young (38912K), 6 survivors (6144K)
 Metaspace       used 105544K, committed 106816K, reserved 557056K
  class space    used 14852K, committed 15424K, reserved 425984K
}
Event: 49.442 GC heap after
{Heap after GC invocations=60 (full 0):
 garbage-first heap   total 285696K, used 215567K [0x0000000080000000, 0x0000000100000000)
  region size 1024K, 5 young (5120K), 5 survivors (5120K)
 Metaspace       used 105544K, committed 106816K, reserved 557056K
  class space    used 14852K, committed 15424K, reserved 425984K
}
Event: 49.560 GC heap before
{Heap before GC invocations=60 (full 0):
 garbage-first heap   total 285696K, used 242191K [0x0000000080000000, 0x0000000100000000)
  region size 1024K, 32 young (32768K), 5 survivors (5120K)
 Metaspace       used 105544K, committed 106816K, reserved 557056K
  class space    used 14852K, committed 15424K, reserved 425984K
}
Event: 49.569 GC heap after
{Heap after GC invocations=61 (full 0):
 garbage-first heap   total 343040K, used 218098K [0x0000000080000000, 0x0000000100000000)
  region size 1024K, 4 young (4096K), 4 survivors (4096K)
 Metaspace       used 105544K, committed 106816K, reserved 557056K
  class space    used 14852K, committed 15424K, reserved 425984K
}
Event: 49.955 GC heap before
{Heap before GC invocations=61 (full 0):
 garbage-first heap   total 343040K, used 279538K [0x0000000080000000, 0x0000000100000000)
  region size 1024K, 64 young (65536K), 4 survivors (4096K)
 Metaspace       used 105596K, committed 106944K, reserved 557056K
  class space    used 14858K, committed 15488K, reserved 425984K
}
Event: 49.962 GC heap after
{Heap after GC invocations=62 (full 0):
 garbage-first heap   total 343040K, used 220265K [0x0000000080000000, 0x0000000100000000)
  region size 1024K, 6 young (6144K), 6 survivors (6144K)
 Metaspace       used 105596K, committed 106944K, reserved 557056K
  class space    used 14858K, committed 15488K, reserved 425984K
}
Event: 50.600 GC heap before
{Heap before GC invocations=62 (full 0):
 garbage-first heap   total 343040K, used 282729K [0x0000000080000000, 0x0000000100000000)
  region size 1024K, 67 young (68608K), 6 survivors (6144K)
 Metaspace       used 105836K, committed 107136K, reserved 557056K
  class space    used 14890K, committed 15488K, reserved 425984K
}
Event: 50.610 GC heap after
{Heap after GC invocations=63 (full 0):
 garbage-first heap   total 343040K, used 224464K [0x0000000080000000, 0x0000000100000000)
  region size 1024K, 7 young (7168K), 7 survivors (7168K)
 Metaspace       used 105836K, committed 107136K, reserved 557056K
  class space    used 14890K, committed 15488K, reserved 425984K
}
Event: 50.939 GC heap before
{Heap before GC invocations=63 (full 0):
 garbage-first heap   total 343040K, used 283856K [0x0000000080000000, 0x0000000100000000)
  region size 1024K, 66 young (67584K), 7 survivors (7168K)
 Metaspace       used 105836K, committed 107136K, reserved 557056K
  class space    used 14890K, committed 15488K, reserved 425984K
}
Event: 50.948 GC heap after
{Heap after GC invocations=64 (full 0):
 garbage-first heap   total 343040K, used 226048K [0x0000000080000000, 0x0000000100000000)
  region size 1024K, 4 young (4096K), 4 survivors (4096K)
 Metaspace       used 105836K, committed 107136K, reserved 557056K
  class space    used 14890K, committed 15488K, reserved 425984K
}
Event: 52.052 GC heap before
{Heap before GC invocations=64 (full 0):
 garbage-first heap   total 343040K, used 287488K [0x0000000080000000, 0x0000000100000000)
  region size 1024K, 64 young (65536K), 4 survivors (4096K)
 Metaspace       used 106217K, committed 107584K, reserved 557056K
  class space    used 14930K, committed 15552K, reserved 425984K
}
Event: 52.061 GC heap after
{Heap after GC invocations=65 (full 0):
 garbage-first heap   total 343040K, used 235046K [0x0000000080000000, 0x0000000100000000)
  region size 1024K, 8 young (8192K), 8 survivors (8192K)
 Metaspace       used 106217K, committed 107584K, reserved 557056K
  class space    used 14930K, committed 15552K, reserved 425984K
}
Event: 52.426 GC heap before
{Heap before GC invocations=65 (full 0):
 garbage-first heap   total 343040K, used 285222K [0x0000000080000000, 0x0000000100000000)
  region size 1024K, 58 young (59392K), 8 survivors (8192K)
 Metaspace       used 106239K, committed 107584K, reserved 557056K
  class space    used 14931K, committed 15552K, reserved 425984K
}
Event: 52.436 GC heap after
{Heap after GC invocations=66 (full 0):
 garbage-first heap   total 343040K, used 239785K [0x0000000080000000, 0x0000000100000000)
  region size 1024K, 5 young (5120K), 5 survivors (5120K)
 Metaspace       used 106239K, committed 107584K, reserved 557056K
  class space    used 14931K, committed 15552K, reserved 425984K
}
Event: 52.627 GC heap before
{Heap before GC invocations=66 (full 0):
 garbage-first heap   total 343040K, used 287913K [0x0000000080000000, 0x0000000100000000)
  region size 1024K, 53 young (54272K), 5 survivors (5120K)
 Metaspace       used 106240K, committed 107584K, reserved 557056K
  class space    used 14931K, committed 15552K, reserved 425984K
}
Event: 52.633 GC heap after
{Heap after GC invocations=67 (full 0):
 garbage-first heap   total 343040K, used 240759K [0x0000000080000000, 0x0000000100000000)
  region size 1024K, 4 young (4096K), 4 survivors (4096K)
 Metaspace       used 106240K, committed 107584K, reserved 557056K
  class space    used 14931K, committed 15552K, reserved 425984K
}
Event: 53.123 GC heap before
{Heap before GC invocations=67 (full 0):
 garbage-first heap   total 343040K, used 270455K [0x0000000080000000, 0x0000000100000000)
  region size 1024K, 33 young (33792K), 4 survivors (4096K)
 Metaspace       used 106544K, committed 107968K, reserved 557056K
  class space    used 14974K, committed 15616K, reserved 425984K
}
Event: 53.132 GC heap after
{Heap after GC invocations=68 (full 0):
 garbage-first heap   total 343040K, used 248526K [0x0000000080000000, 0x0000000100000000)
  region size 1024K, 7 young (7168K), 7 survivors (7168K)
 Metaspace       used 106544K, committed 107968K, reserved 557056K
  class space    used 14974K, committed 15616K, reserved 425984K
}

