# JRE version: Java(TM) SE Runtime Environment (17.0.10+11) (build 17.0.10+11-LTS-240)
# Java VM: Java HotSpot(TM) 64-Bit Server VM (17.0.10+11-LTS-240, mixed mode, sharing, tiered, compressed oops, compressed class ptrs, g1 gc, windows-amd64)
GC Precious Log:
 CPUs: 8 total, 8 available
 Memory: 16242M
 Large Page Support: Disabled
 NUMA Support: Disabled
 Compressed Oops: Enabled (32-bit)
 Heap Region Size: 1M
 Heap Min Capacity: 8M
 Heap Initial Capacity: 254M
 Heap Max Capacity: 2G
 Pre-touch: Disabled
 Parallel Workers: 8
 Concurrent Workers: 2
 Concurrent Refinement Workers: 8
 Periodic GC: Disabled
Heap:
 garbage-first heap   total 329728K, used 257981K [0x0000000080000000, 0x0000000100000000)
  region size 1024K, 67 young (68608K), 4 survivors (4096K)
 Metaspace       used 101765K, committed 103168K, reserved 557056K
  class space    used 14287K, committed 14912K, reserved 425984K
GC Heap History (20 events):
Event: 60.505 GC heap before
{Heap before GC invocations=68 (full 0):
 garbage-first heap   total 194560K, used 165299K [0x0000000080000000, 0x0000000100000000)
  region size 1024K, 13 young (13312K), 2 survivors (2048K)
 Metaspace       used 99080K, committed 100352K, reserved 557056K
  class space    used 13899K, committed 14464K, reserved 425984K
}
Event: 60.508 GC heap after
{Heap after GC invocations=69 (full 0):
 garbage-first heap   total 194560K, used 156017K [0x0000000080000000, 0x0000000100000000)
  region size 1024K, 2 young (2048K), 2 survivors (2048K)
 Metaspace       used 99080K, committed 100352K, reserved 557056K
  class space    used 13899K, committed 14464K, reserved 425984K
}
Event: 60.554 GC heap before
{Heap before GC invocations=69 (full 0):
 garbage-first heap   total 194560K, used 166257K [0x0000000080000000, 0x0000000100000000)
  region size 1024K, 13 young (13312K), 2 survivors (2048K)
 Metaspace       used 99083K, committed 100352K, reserved 557056K
  class space    used 13899K, committed 14464K, reserved 425984K
}
Event: 60.557 GC heap after
{Heap after GC invocations=70 (full 0):
 garbage-first heap   total 260096K, used 156662K [0x0000000080000000, 0x0000000100000000)
  region size 1024K, 2 young (2048K), 2 survivors (2048K)
 Metaspace       used 99083K, committed 100352K, reserved 557056K
  class space    used 13899K, committed 14464K, reserved 425984K
}
Event: 60.779 GC heap before
{Heap before GC invocations=70 (full 0):
 garbage-first heap   total 260096K, used 210934K [0x0000000080000000, 0x0000000100000000)
  region size 1024K, 56 young (57344K), 2 survivors (2048K)
 Metaspace       used 99084K, committed 100352K, reserved 557056K
  class space    used 13899K, committed 14464K, reserved 425984K
}
Event: 60.784 GC heap after
{Heap after GC invocations=71 (full 0):
 garbage-first heap   total 260096K, used 158045K [0x0000000080000000, 0x0000000100000000)
  region size 1024K, 4 young (4096K), 4 survivors (4096K)
 Metaspace       used 99084K, committed 100352K, reserved 557056K
  class space    used 13899K, committed 14464K, reserved 425984K
}
Event: 61.037 GC heap before
{Heap before GC invocations=71 (full 0):
 garbage-first heap   total 260096K, used 213341K [0x0000000080000000, 0x0000000100000000)
  region size 1024K, 59 young (60416K), 4 survivors (4096K)
 Metaspace       used 99084K, committed 100352K, reserved 557056K
  class space    used 13899K, committed 14464K, reserved 425984K
}
Event: 61.043 GC heap after
{Heap after GC invocations=72 (full 0):
 garbage-first heap   total 260096K, used 159079K [0x0000000080000000, 0x0000000100000000)
  region size 1024K, 5 young (5120K), 5 survivors (5120K)
 Metaspace       used 99084K, committed 100352K, reserved 557056K
  class space    used 13899K, committed 14464K, reserved 425984K
}
Event: 62.563 GC heap before
{Heap before GC invocations=72 (full 0):
 garbage-first heap   total 260096K, used 219495K [0x0000000080000000, 0x0000000100000000)
  region size 1024K, 61 young (62464K), 5 survivors (5120K)
 Metaspace       used 99456K, committed 100736K, reserved 557056K
  class space    used 13950K, committed 14528K, reserved 425984K
}
Event: 62.573 GC heap after
{Heap after GC invocations=73 (full 0):
 garbage-first heap   total 260096K, used 170875K [0x0000000080000000, 0x0000000100000000)
  region size 1024K, 8 young (8192K), 8 survivors (8192K)
 Metaspace       used 99456K, committed 100736K, reserved 557056K
  class space    used 13950K, committed 14528K, reserved 425984K
}
Event: 63.791 GC heap before
{Heap before GC invocations=73 (full 0):
 garbage-first heap   total 260096K, used 212859K [0x0000000080000000, 0x0000000100000000)
  region size 1024K, 50 young (51200K), 8 survivors (8192K)
 Metaspace       used 99914K, committed 101184K, reserved 557056K
  class space    used 14001K, committed 14592K, reserved 425984K
}
Event: 63.803 GC heap after
{Heap after GC invocations=74 (full 0):
 garbage-first heap   total 260096K, used 178464K [0x0000000080000000, 0x0000000100000000)
  region size 1024K, 7 young (7168K), 7 survivors (7168K)
 Metaspace       used 99914K, committed 101184K, reserved 557056K
  class space    used 14001K, committed 14592K, reserved 425984K
}
Event: 63.956 GC heap before
{Heap before GC invocations=74 (full 0):
 garbage-first heap   total 260096K, used 213280K [0x0000000080000000, 0x0000000100000000)
  region size 1024K, 42 young (43008K), 7 survivors (7168K)
 Metaspace       used 99914K, committed 101184K, reserved 557056K
  class space    used 14001K, committed 14592K, reserved 425984K
}
Event: 63.963 GC heap after
{Heap after GC invocations=75 (full 0):
 garbage-first heap   total 260096K, used 180162K [0x0000000080000000, 0x0000000100000000)
  region size 1024K, 3 young (3072K), 3 survivors (3072K)
 Metaspace       used 99914K, committed 101184K, reserved 557056K
  class space    used 14001K, committed 14592K, reserved 425984K
}
Event: 64.172 GC heap before
{Heap before GC invocations=75 (full 0):
 garbage-first heap   total 260096K, used 216002K [0x0000000080000000, 0x0000000100000000)
  region size 1024K, 39 young (39936K), 3 survivors (3072K)
 Metaspace       used 99914K, committed 101184K, reserved 557056K
  class space    used 14001K, committed 14592K, reserved 425984K
}
Event: 64.177 GC heap after
{Heap after GC invocations=76 (full 0):
 garbage-first heap   total 329728K, used 181103K [0x0000000080000000, 0x0000000100000000)
  region size 1024K, 3 young (3072K), 3 survivors (3072K)
 Metaspace       used 99914K, committed 101184K, reserved 557056K
  class space    used 14001K, committed 14592K, reserved 425984K
}
Event: 67.354 GC heap before
{Heap before GC invocations=76 (full 0):
 garbage-first heap   total 329728K, used 269167K [0x0000000080000000, 0x0000000100000000)
  region size 1024K, 89 young (91136K), 3 survivors (3072K)
 Metaspace       used 100155K, committed 101440K, reserved 557056K
  class space    used 14031K, committed 14656K, reserved 425984K
}
Event: 67.363 GC heap after
{Heap after GC invocations=77 (full 0):
 garbage-first heap   total 329728K, used 190868K [0x0000000080000000, 0x0000000100000000)
  region size 1024K, 12 young (12288K), 12 survivors (12288K)
 Metaspace       used 100155K, committed 101440K, reserved 557056K
  class space    used 14031K, committed 14656K, reserved 425984K
}
Event: 67.730 GC heap before
{Heap before GC invocations=77 (full 0):
 garbage-first heap   total 329728K, used 267668K [0x0000000080000000, 0x0000000100000000)
  region size 1024K, 88 young (90112K), 12 survivors (12288K)
 Metaspace       used 100155K, committed 101440K, reserved 557056K
  class space    used 14031K, committed 14656K, reserved 425984K
}
Event: 67.740 GC heap after
{Heap after GC invocations=78 (full 0):
 garbage-first heap   total 329728K, used 192445K [0x0000000080000000, 0x0000000100000000)
  region size 1024K, 4 young (4096K), 4 survivors (4096K)
 Metaspace       used 100155K, committed 101440K, reserved 557056K
  class space    used 14031K, committed 14656K, reserved 425984K
}

